[2023-11-09 10:59:04,290][INFO ][org.springframework.boot.StartupInfoLogger][main][51]Starting BinarFudApplication using Java 20.0.2 with PID 7499 (/Users/hnfabd/Documents/synrgy academy/chapter 4/BinarFud/target/classes started by hnfabd in /Users/hnfabd/Documents/synrgy academy/chapter 4/BinarFud)
[2023-11-09 10:59:04,295][INFO ][org.springframework.boot.SpringApplication][main][637]No active profile set, falling back to 1 default profile: "default"
[2023-11-09 10:59:05,791][INFO ][org.springframework.data.repository.config.RepositoryConfigurationDelegate][main][138]Bootstrapping Spring Data JPA repositories in DEFAULT mode.
[2023-11-09 10:59:05,932][INFO ][org.springframework.data.repository.config.RepositoryConfigurationDelegate][main][208]Finished Spring Data repository scanning in 124 ms. Found 5 JPA repository interfaces.
[2023-11-09 10:59:07,190][INFO ][org.springframework.boot.web.embedded.tomcat.TomcatWebServer][main][108]Tomcat initialized with port(s): 9090 (http)
[2023-11-09 10:59:07,207][INFO ][org.apache.juli.logging.DirectJDKLog][main][173]Initializing ProtocolHandler ["http-nio-9090"]
[2023-11-09 10:59:07,211][INFO ][org.apache.juli.logging.DirectJDKLog][main][173]Starting service [Tomcat]
[2023-11-09 10:59:07,212][INFO ][org.apache.juli.logging.DirectJDKLog][main][173]Starting Servlet engine: [Apache Tomcat/10.1.13]
[2023-11-09 10:59:07,358][INFO ][org.apache.juli.logging.DirectJDKLog][main][173]Initializing Spring embedded WebApplicationContext
[2023-11-09 10:59:07,358][INFO ][org.springframework.boot.web.servlet.context.ServletWebServerApplicationContext][main][291]Root WebApplicationContext: initialization completed in 2795 ms
[2023-11-09 10:59:07,657][INFO ][org.hibernate.jpa.internal.util.LogHelper][main][31]HHH000204: Processing PersistenceUnitInfo [name: default]
[2023-11-09 10:59:07,772][INFO ][org.hibernate.Version][main][44]HHH000412: Hibernate ORM core version 6.2.9.Final
[2023-11-09 10:59:07,776][INFO ][org.hibernate.cfg.Environment][main][191]HHH000406: Using bytecode reflection optimizer
[2023-11-09 10:59:08,077][INFO ][org.hibernate.bytecode.internal.BytecodeProviderInitiator][main][53]HHH000021: Bytecode provider name : bytebuddy
[2023-11-09 10:59:08,363][INFO ][org.springframework.orm.jpa.persistenceunit.SpringPersistenceUnitInfo][main][87]No LoadTimeWeaver setup: ignoring JPA class transformer
[2023-11-09 10:59:08,404][INFO ][com.zaxxer.hikari.HikariDataSource][main][110]HikariPool-1 - Starting...
[2023-11-09 10:59:09,021][INFO ][com.zaxxer.hikari.pool.HikariPool][main][565]HikariPool-1 - Added connection org.postgresql.jdbc.PgConnection@4052913c
[2023-11-09 10:59:09,023][INFO ][com.zaxxer.hikari.HikariDataSource][main][123]HikariPool-1 - Start completed.
[2023-11-09 10:59:09,779][INFO ][org.hibernate.bytecode.internal.BytecodeProviderInitiator][main][53]HHH000021: Bytecode provider name : bytebuddy
[2023-11-09 10:59:10,962][INFO ][org.hibernate.engine.transaction.jta.platform.internal.JtaPlatformInitiator][main][51]HHH000490: Using JtaPlatform implementation: [org.hibernate.engine.transaction.jta.platform.internal.NoJtaPlatform]
[2023-11-09 10:59:11,518][INFO ][org.springframework.orm.jpa.AbstractEntityManagerFactoryBean][main][437]Initialized JPA EntityManagerFactory for persistence unit 'default'
[2023-11-09 10:59:12,879][INFO ][com.example.BinarFud.Initialization][main][35]Inserting Dummy Data To Database
[2023-11-09 10:59:13,006][WARN ][org.springframework.boot.autoconfigure.orm.jpa.JpaBaseConfiguration$JpaWebConfiguration][main][231]spring.jpa.open-in-view is enabled by default. Therefore, database queries may be performed during view rendering. Explicitly configure spring.jpa.open-in-view to disable this warning
[2023-11-09 10:59:13,496][WARN ][org.springframework.boot.autoconfigure.thymeleaf.ThymeleafAutoConfiguration$DefaultTemplateResolverConfiguration][main][101]Cannot find template location: classpath:/templates/ (please add some templates, check your Thymeleaf configuration, or set spring.thymeleaf.check-template-location=false)
[2023-11-09 10:59:13,641][INFO ][org.apache.juli.logging.DirectJDKLog][main][173]Starting ProtocolHandler ["http-nio-9090"]
[2023-11-09 10:59:13,676][INFO ][org.springframework.boot.web.embedded.tomcat.TomcatWebServer][main][220]Tomcat started on port(s): 9090 (http) with context path ''
[2023-11-09 10:59:13,693][INFO ][org.springframework.boot.StartupInfoLogger][main][57]Started BinarFudApplication in 10.368 seconds (process running for 13.897)
[2023-11-09 10:59:35,569][INFO ][org.apache.juli.logging.DirectJDKLog][http-nio-9090-exec-2][173]Initializing Spring DispatcherServlet 'dispatcherServlet'
[2023-11-09 10:59:35,570][INFO ][org.springframework.web.servlet.FrameworkServlet][http-nio-9090-exec-2][532]Initializing Servlet 'dispatcherServlet'
[2023-11-09 10:59:35,572][INFO ][org.springframework.web.servlet.FrameworkServlet][http-nio-9090-exec-2][554]Completed initialization in 2 ms
[2023-11-09 10:59:45,678][INFO ][org.springframework.orm.jpa.AbstractEntityManagerFactoryBean][SpringApplicationShutdownHook][650]Closing JPA EntityManagerFactory for persistence unit 'default'
[2023-11-09 10:59:45,681][INFO ][com.zaxxer.hikari.HikariDataSource][SpringApplicationShutdownHook][350]HikariPool-1 - Shutdown initiated...
[2023-11-09 10:59:45,684][INFO ][com.zaxxer.hikari.HikariDataSource][SpringApplicationShutdownHook][352]HikariPool-1 - Shutdown completed.
